<?xml version="1.0" encoding="UTF-8"?>
<testsuites>
  <testsuite name="D:\Perkuliahan\Semester 8\library_genz\phpunit.xml" tests="19" assertions="39" errors="0" failures="0" skipped="0" time="1.164316">
    <testsuite name="Feature" tests="19" assertions="39" errors="0" failures="0" skipped="0" time="1.164316">
      <testsuite name="Tests\Feature\AdminUserManagementTest" file="Admin User Management (Tests\Feature\AdminUserManagement)" tests="19" assertions="39" errors="0" failures="0" skipped="0" time="1.164316">
        <testcase name="Admin can access user management index" file="Admin User Management (Tests\Feature\AdminUserManagement)::Admin can access user management index" class="Tests\Feature\AdminUserManagementTest" classname="Tests.Feature.AdminUserManagementTest" assertions="1" time="0.469328"/>
        <testcase name="Librarian cannot access user management index" file="Admin User Management (Tests\Feature\AdminUserManagement)::Librarian cannot access user management index" class="Tests\Feature\AdminUserManagementTest" classname="Tests.Feature.AdminUserManagementTest" assertions="1" time="0.039095"/>
        <testcase name="Member cannot access user management index" file="Admin User Management (Tests\Feature\AdminUserManagement)::Member cannot access user management index" class="Tests\Feature\AdminUserManagementTest" classname="Tests.Feature.AdminUserManagementTest" assertions="1" time="0.034227"/>
        <testcase name="Guest is redirected from user management" file="Admin User Management (Tests\Feature\AdminUserManagement)::Guest is redirected from user management" class="Tests\Feature\AdminUserManagementTest" classname="Tests.Feature.AdminUserManagementTest" assertions="2" time="0.034174"/>
        <testcase name="Admin can filter users by role" file="Admin User Management (Tests\Feature\AdminUserManagement)::Admin can filter users by role" class="Tests\Feature\AdminUserManagementTest" classname="Tests.Feature.AdminUserManagementTest" assertions="2" time="0.042794"/>
        <testcase name="Admin can search users by name" file="Admin User Management (Tests\Feature\AdminUserManagement)::Admin can search users by name" class="Tests\Feature\AdminUserManagementTest" classname="Tests.Feature.AdminUserManagementTest" assertions="2" time="0.043490"/>
        <testcase name="Admin can filter users by status" file="Admin User Management (Tests\Feature\AdminUserManagement)::Admin can filter users by status" class="Tests\Feature\AdminUserManagementTest" classname="Tests.Feature.AdminUserManagementTest" assertions="2" time="0.046477"/>
        <testcase name="Admin can view create user form" file="Admin User Management (Tests\Feature\AdminUserManagement)::Admin can view create user form" class="Tests\Feature\AdminUserManagementTest" classname="Tests.Feature.AdminUserManagementTest" assertions="2" time="0.039708"/>
        <testcase name="Admin can create new user" file="Admin User Management (Tests\Feature\AdminUserManagement)::Admin can create new user" class="Tests\Feature\AdminUserManagementTest" classname="Tests.Feature.AdminUserManagementTest" assertions="3" time="0.047609"/>
        <testcase name="Create user fails with duplicate email" file="Admin User Management (Tests\Feature\AdminUserManagement)::Create user fails with duplicate email" class="Tests\Feature\AdminUserManagementTest" classname="Tests.Feature.AdminUserManagementTest" assertions="2" time="0.036937"/>
        <testcase name="Create user fails with weak password" file="Admin User Management (Tests\Feature\AdminUserManagement)::Create user fails with weak password" class="Tests\Feature\AdminUserManagementTest" classname="Tests.Feature.AdminUserManagementTest" assertions="2" time="0.037744"/>
        <testcase name="Admin can view edit user form" file="Admin User Management (Tests\Feature\AdminUserManagement)::Admin can view edit user form" class="Tests\Feature\AdminUserManagementTest" classname="Tests.Feature.AdminUserManagementTest" assertions="2" time="0.041615"/>
        <testcase name="Admin can update user name and email" file="Admin User Management (Tests\Feature\AdminUserManagement)::Admin can update user name and email" class="Tests\Feature\AdminUserManagementTest" classname="Tests.Feature.AdminUserManagementTest" assertions="3" time="0.045565"/>
        <testcase name="Admin cannot deactivate their own account" file="Admin User Management (Tests\Feature\AdminUserManagement)::Admin cannot deactivate their own account" class="Tests\Feature\AdminUserManagementTest" classname="Tests.Feature.AdminUserManagementTest" assertions="2" time="0.033218"/>
        <testcase name="Admin can toggle user status to inactive" file="Admin User Management (Tests\Feature\AdminUserManagement)::Admin can toggle user status to inactive" class="Tests\Feature\AdminUserManagementTest" classname="Tests.Feature.AdminUserManagementTest" assertions="3" time="0.032312"/>
        <testcase name="Admin can toggle user status back to active" file="Admin User Management (Tests\Feature\AdminUserManagement)::Admin can toggle user status back to active" class="Tests\Feature\AdminUserManagementTest" classname="Tests.Feature.AdminUserManagementTest" assertions="2" time="0.033093"/>
        <testcase name="Admin cannot toggle their own status" file="Admin User Management (Tests\Feature\AdminUserManagement)::Admin cannot toggle their own status" class="Tests\Feature\AdminUserManagementTest" classname="Tests.Feature.AdminUserManagementTest" assertions="2" time="0.032629"/>
        <testcase name="Admin can reset user password" file="Admin User Management (Tests\Feature\AdminUserManagement)::Admin can reset user password" class="Tests\Feature\AdminUserManagementTest" classname="Tests.Feature.AdminUserManagementTest" assertions="3" time="0.040482"/>
        <testcase name="Reset password fails if confirmation mismatch" file="Admin User Management (Tests\Feature\AdminUserManagement)::Reset password fails if confirmation mismatch" class="Tests\Feature\AdminUserManagementTest" classname="Tests.Feature.AdminUserManagementTest" assertions="2" time="0.033818"/>
      </testsuite>
    </testsuite>
  </testsuite>
</testsuites>
